{
  "stats": {
    "suites": 1,
    "tests": 2,
    "passes": 1,
    "pending": 0,
    "failures": 1,
    "start": "2023-04-27T03:40:27.470Z",
    "end": "2023-04-27T03:41:41.981Z",
    "duration": 74511,
    "testsRegistered": 2,
    "passPercent": 50,
    "pendingPercent": 0,
    "other": 0,
    "hasOther": false,
    "skipped": 0,
    "hasSkipped": false
  },
  "results": [
    {
      "uuid": "a99f47bb-ed97-44e5-a3da-ba6b8d7c707a",
      "title": "",
      "fullFile": "cypress\\e2e\\test\\webdriver-uni\\contact-us-university-POM.js",
      "file": "cypress\\e2e\\test\\webdriver-uni\\contact-us-university-POM.js",
      "beforeHooks": [],
      "afterHooks": [],
      "tests": [],
      "suites": [
        {
          "uuid": "19289178-6212-4b17-8743-2f71dc37092a",
          "title": "Test Contact Us from via WebDriverUni POM",
          "fullFile": "",
          "file": "",
          "beforeHooks": [],
          "afterHooks": [],
          "tests": [
            {
              "title": "Should be able to submit a successful submission via contact us form",
              "fullTitle": "Test Contact Us from via WebDriverUni POM Should be able to submit a successful submission via contact us form",
              "timedOut": null,
              "duration": 10749,
              "state": "passed",
              "speed": "slow",
              "pass": true,
              "fail": false,
              "pending": false,
              "context": null,
              "code": "// this commands is used for assertion\ncy.document().should('have.property', 'charset').and('eq', 'UTF-8');\ncy.title().should('include', 'WebDriver | Contact Us');\ncy.url().should('include', 'contactus');\n// cy.get('[name=\"first_name\"]').type(\"Eduardo\");\n// cy.get('[name=\"last_name\"]').type(\"Guerra\");\n// cy.get('[name=\"email\"]').type(\"eduardo@gmail.com\");\n// cy.get('textarea.feedback-input').type(\"First test\");\n// cy.get('[type=\"submit\"]').click();\n// cy.get('h1').should('have.text', 'Thank You for your Message!');\n// cy.webdriverUni_ContactForm_Submission(Cypress.env(\"first_name\"),data.last_name, data.email, \"Learning Cypress\", \"h1\", \"thank you\");\ncontact_Us_PO.contactForm_Submission(Cypress.env(\"first_name\"), data.last_name, data.email, \" \", \"h1\", \"Thank You for your Message!\");",
              "err": {},
              "uuid": "08d604f8-15a4-4f53-b36d-47d3e51e04e6",
              "parentUUID": "19289178-6212-4b17-8743-2f71dc37092a",
              "isHook": false,
              "skipped": false
            },
            {
              "title": "Should not be able to submit a successful submission via contact us form as  all fields are required",
              "fullTitle": "Test Contact Us from via WebDriverUni POM Should not be able to submit a successful submission via contact us form as  all fields are required",
              "timedOut": null,
              "duration": 63476,
              "state": "failed",
              "speed": null,
              "pass": false,
              "fail": true,
              "pending": false,
              "context": null,
              "code": "// cy.get('[name=\"first_name\"]').type(\"data.first_name\");\n// cy.get('[name=\"last_name\"]').type(\"data.last_name\");\n// cy.get('textarea.feedback-input').type(\"How learn cypress\");\n// cy.get('[type=\"submit\"]').click();\n// cy.get('body').contains('Error: all fields are required')\ncontact_Us_PO.contactForm_Submission(data.first_name, data.last_name, \" \", \"how learn cypress\", \"body\", \"Error: Invalid email adress\");",
              "err": {
                "message": "AssertionError: Timed out retrying after 60000ms: Expected to find content: 'Error: Invalid email adress' but never did.",
                "estack": "AssertionError: Timed out retrying after 60000ms: Expected to find content: 'Error: Invalid email adress' but never did.\n    at Contact_Us_PO.contactForm_Submission (webpack:///./cypress/support/pageObject/webdriver-uni/Contact_Us_PO.js:9:26)\n    at Context.eval (webpack:///./cypress/e2e/test/webdriver-uni/contact-us-university-POM.js:53:22)",
                "diff": null
              },
              "uuid": "27f39969-1c80-4a10-8978-1bd9112b9adb",
              "parentUUID": "19289178-6212-4b17-8743-2f71dc37092a",
              "isHook": false,
              "skipped": false
            }
          ],
          "suites": [],
          "passes": [
            "08d604f8-15a4-4f53-b36d-47d3e51e04e6"
          ],
          "failures": [
            "27f39969-1c80-4a10-8978-1bd9112b9adb"
          ],
          "pending": [],
          "skipped": [],
          "duration": 74225,
          "root": false,
          "rootEmpty": false,
          "_timeout": 2000
        }
      ],
      "passes": [],
      "failures": [],
      "pending": [],
      "skipped": [],
      "duration": 0,
      "root": true,
      "rootEmpty": true,
      "_timeout": 2000
    }
  ],
  "meta": {
    "mocha": {
      "version": "7.0.1"
    },
    "mochawesome": {
      "options": {
        "quiet": false,
        "reportFilename": "mochawesome",
        "saveHtml": false,
        "saveJson": true,
        "consoleReporter": "spec",
        "useInlineDiffs": false,
        "code": true
      },
      "version": "7.1.3"
    },
    "marge": {
      "options": {
        "id": "default",
        "reportDir": "cypress/results/mochawesome",
        "quite": true,
        "overwrite": false,
        "html": false,
        "json": true
      },
      "version": "6.2.0"
    }
  }
}