{
  "stats": {
    "suites": 1,
    "tests": 2,
    "passes": 2,
    "pending": 0,
    "failures": 0,
    "start": "2023-04-27T03:44:00.447Z",
    "end": "2023-04-27T03:44:08.273Z",
    "duration": 7826,
    "testsRegistered": 2,
    "passPercent": 100,
    "pendingPercent": 0,
    "other": 0,
    "hasOther": false,
    "skipped": 0,
    "hasSkipped": false
  },
  "results": [
    {
      "uuid": "277bdca6-a656-4ece-9e70-9c7b5df3ed23",
      "title": "",
      "fullFile": "cypress\\e2e\\test\\automationteste-store\\contact-us-university.js",
      "file": "cypress\\e2e\\test\\automationteste-store\\contact-us-university.js",
      "beforeHooks": [],
      "afterHooks": [],
      "tests": [],
      "suites": [
        {
          "uuid": "c252a6a6-0f84-47e7-8331-1ebede2855b0",
          "title": "Test Contact Us from via WebDriverUni",
          "fullFile": "",
          "file": "",
          "beforeHooks": [],
          "afterHooks": [],
          "tests": [
            {
              "title": "Should be able to submit a successful submission via contact us form",
              "fullTitle": "Test Contact Us from via WebDriverUni Should be able to submit a successful submission via contact us form",
              "timedOut": null,
              "duration": 5230,
              "state": "passed",
              "speed": "medium",
              "pass": true,
              "fail": false,
              "pending": false,
              "context": null,
              "code": "//cy.visit(\"http://www.webdriveruniversity.com/Contact-Us/contactus.html\")\ncy.visit(\"http://www.webdriveruniversity.com\");\ncy.get('#contact-us').invoke('removeAttr', 'target').click({\n  force: true\n});\ncy.document().should('have.property', 'charset').and('eq', 'UTF-8');\ncy.title().should('include', 'WebDriver | Contact Us');\ncy.url().should('include', 'Contact');\ncy.get('[name=\"first_name\"]').type(\"Eduardo\");\ncy.get('[name=\"last_name\"]').type(\"Guerra\");\ncy.get('[name=\"email\"]').type(\"eduardo@gmail.com\");\ncy.get('textarea.feedback-input').type(\"First test\");\ncy.get('[type=\"submit\"]').click();\ncy.get('h1').should('have.text', 'Thank You for your Message!');",
              "err": {},
              "uuid": "a2a8df94-ff36-45b0-bdbd-eaa9da1e49e6",
              "parentUUID": "c252a6a6-0f84-47e7-8331-1ebede2855b0",
              "isHook": false,
              "skipped": false
            },
            {
              "title": "Should be able to submit a successful submission via contact us form",
              "fullTitle": "Test Contact Us from via WebDriverUni Should be able to submit a successful submission via contact us form",
              "timedOut": null,
              "duration": 2453,
              "state": "passed",
              "speed": "fast",
              "pass": true,
              "fail": false,
              "pending": false,
              "context": null,
              "code": "//cy.visit(\"http://www.webdriveruniversity.com/Contact-Us/contactus.html\")\ncy.visit(\"http://www.webdriveruniversity.com\");\ncy.get('#contact-us').invoke('removeAttr', 'target').click({\n  force: true\n});\ncy.get('[name=\"first_name\"]').type(\"Eduardo\");\ncy.get('[name=\"last_name\"]').type(\"Guerra\");\ncy.get('textarea.feedback-input').type(\"First test\");\ncy.get('[type=\"submit\"]').click();\ncy.get('body').contains('Error: all fields are required');",
              "err": {},
              "uuid": "d9512726-acb6-4a7a-890c-cdd97c2d54a7",
              "parentUUID": "c252a6a6-0f84-47e7-8331-1ebede2855b0",
              "isHook": false,
              "skipped": false
            }
          ],
          "suites": [],
          "passes": [
            "a2a8df94-ff36-45b0-bdbd-eaa9da1e49e6",
            "d9512726-acb6-4a7a-890c-cdd97c2d54a7"
          ],
          "failures": [],
          "pending": [],
          "skipped": [],
          "duration": 7683,
          "root": false,
          "rootEmpty": false,
          "_timeout": 2000
        }
      ],
      "passes": [],
      "failures": [],
      "pending": [],
      "skipped": [],
      "duration": 0,
      "root": true,
      "rootEmpty": true,
      "_timeout": 2000
    }
  ],
  "meta": {
    "mocha": {
      "version": "7.0.1"
    },
    "mochawesome": {
      "options": {
        "quiet": false,
        "reportFilename": "mochawesome",
        "saveHtml": false,
        "saveJson": true,
        "consoleReporter": "spec",
        "useInlineDiffs": false,
        "code": true
      },
      "version": "7.1.3"
    },
    "marge": {
      "options": {
        "id": "default",
        "reportDir": "cypress/results/mochawesome",
        "quite": true,
        "overwrite": false,
        "html": false,
        "json": true
      },
      "version": "6.2.0"
    }
  }
}