{
  "stats": {
    "suites": 1,
    "tests": 1,
    "passes": 1,
    "pending": 0,
    "failures": 0,
    "start": "2023-04-27T03:42:44.279Z",
    "end": "2023-04-27T03:42:58.933Z",
    "duration": 14654,
    "testsRegistered": 1,
    "passPercent": 100,
    "pendingPercent": 0,
    "other": 0,
    "hasOther": false,
    "skipped": 0,
    "hasSkipped": false
  },
  "results": [
    {
      "uuid": "6f8c132b-5016-4a5f-9e89-09e56e2335a7",
      "title": "",
      "fullFile": "cypress\\e2e\\test\\automationteste-store\\add-multiple-items-to-basket.js",
      "file": "cypress\\e2e\\test\\automationteste-store\\add-multiple-items-to-basket.js",
      "beforeHooks": [],
      "afterHooks": [],
      "tests": [],
      "suites": [
        {
          "uuid": "a8d7ad7b-3ded-4259-b10f-f4bbd2379400",
          "title": "add multiple items to basket",
          "fullFile": "",
          "file": "",
          "beforeHooks": [],
          "afterHooks": [],
          "tests": [
            {
              "title": "Add specific items to basket",
              "fullTitle": "add multiple items to basket Add specific items to basket",
              "timedOut": null,
              "duration": 10754,
              "state": "passed",
              "speed": "slow",
              "pass": true,
              "fail": false,
              "pending": false,
              "context": null,
              "code": "globalThis.data.productName.forEach(function (element) {\n  cy.addProductsToBasket(element);\n});\ncy.get('.dropdown-toggle > .fa').click();",
              "err": {},
              "uuid": "8fbee59c-3446-4834-aa14-e91fef5df463",
              "parentUUID": "a8d7ad7b-3ded-4259-b10f-f4bbd2379400",
              "isHook": false,
              "skipped": false
            }
          ],
          "suites": [],
          "passes": [
            "8fbee59c-3446-4834-aa14-e91fef5df463"
          ],
          "failures": [],
          "pending": [],
          "skipped": [],
          "duration": 10754,
          "root": false,
          "rootEmpty": false,
          "_timeout": 2000
        }
      ],
      "passes": [],
      "failures": [],
      "pending": [],
      "skipped": [],
      "duration": 0,
      "root": true,
      "rootEmpty": true,
      "_timeout": 2000
    }
  ],
  "meta": {
    "mocha": {
      "version": "7.0.1"
    },
    "mochawesome": {
      "options": {
        "quiet": false,
        "reportFilename": "mochawesome",
        "saveHtml": false,
        "saveJson": true,
        "consoleReporter": "spec",
        "useInlineDiffs": false,
        "code": true
      },
      "version": "7.1.3"
    },
    "marge": {
      "options": {
        "id": "default",
        "reportDir": "cypress/results/mochawesome",
        "quite": true,
        "overwrite": false,
        "html": false,
        "json": true
      },
      "version": "6.2.0"
    }
  }
}