{
  "stats": {
    "suites": 1,
    "tests": 2,
    "passes": 2,
    "pending": 0,
    "failures": 0,
    "start": "2023-04-27T03:44:39.939Z",
    "end": "2023-04-27T03:44:45.901Z",
    "duration": 5962,
    "testsRegistered": 2,
    "passPercent": 100,
    "pendingPercent": 0,
    "other": 0,
    "hasOther": false,
    "skipped": 0,
    "hasSkipped": false
  },
  "results": [
    {
      "uuid": "71f9d9e3-8ebd-4989-a08e-60881bdff471",
      "title": "",
      "fullFile": "cypress\\e2e\\test\\automationteste-store\\file-upload.js",
      "file": "cypress\\e2e\\test\\automationteste-store\\file-upload.js",
      "beforeHooks": [],
      "afterHooks": [],
      "tests": [],
      "suites": [
        {
          "uuid": "a1b88443-b265-4888-a181-327632c6b9f2",
          "title": "Test file upload via webdriveruni",
          "fullFile": "",
          "file": "",
          "beforeHooks": [],
          "afterHooks": [],
          "tests": [
            {
              "title": "Upload file ",
              "fullTitle": "Test file upload via webdriveruni Upload file ",
              "timedOut": null,
              "duration": 4461,
              "state": "passed",
              "speed": "fast",
              "pass": true,
              "fail": false,
              "pending": false,
              "context": null,
              "code": "// used to open url \ncy.visit(\"http://www.webdriveruniversity.com\");\n// cypress it does not support multiple tabs in browser that's why is used jQuery \"remove attr\" to remove the attribute from the webpage element to open the page in the same tab. \ncy.get('#file-upload').invoke('removeAttr', 'target').click({\n  force: true\n});\n//selectFile command is used to input elemtns or simulate dragging a file into the browser\ncy.get(\"#myFile\").selectFile(\"cypress/fixtures/noresponses.png\");\ncy.get(\"#submit-button\").click();",
              "err": {},
              "uuid": "745fae2b-7893-4a37-a4d0-d3bd786a189d",
              "parentUUID": "a1b88443-b265-4888-a181-327632c6b9f2",
              "isHook": false,
              "skipped": false
            },
            {
              "title": "Upload No file ",
              "fullTitle": "Test file upload via webdriveruni Upload No file ",
              "timedOut": null,
              "duration": 1336,
              "state": "passed",
              "speed": "fast",
              "pass": true,
              "fail": false,
              "pending": false,
              "context": null,
              "code": "cy.visit(\"http://www.webdriveruniversity.com\");\ncy.get('#file-upload').invoke('removeAttr', 'target').click({\n  force: true\n});\ncy.get(\"#submit-button\").click();\n//alert \"You need to select a file to upload!\"",
              "err": {},
              "uuid": "55d367a1-0042-464f-ad62-03459d9e8f66",
              "parentUUID": "a1b88443-b265-4888-a181-327632c6b9f2",
              "isHook": false,
              "skipped": false
            }
          ],
          "suites": [],
          "passes": [
            "745fae2b-7893-4a37-a4d0-d3bd786a189d",
            "55d367a1-0042-464f-ad62-03459d9e8f66"
          ],
          "failures": [],
          "pending": [],
          "skipped": [],
          "duration": 5797,
          "root": false,
          "rootEmpty": false,
          "_timeout": 2000
        }
      ],
      "passes": [],
      "failures": [],
      "pending": [],
      "skipped": [],
      "duration": 0,
      "root": true,
      "rootEmpty": true,
      "_timeout": 2000
    }
  ],
  "meta": {
    "mocha": {
      "version": "7.0.1"
    },
    "mochawesome": {
      "options": {
        "quiet": false,
        "reportFilename": "mochawesome",
        "saveHtml": false,
        "saveJson": true,
        "consoleReporter": "spec",
        "useInlineDiffs": false,
        "code": true
      },
      "version": "7.1.3"
    },
    "marge": {
      "options": {
        "id": "default",
        "reportDir": "cypress/results/mochawesome",
        "quite": true,
        "overwrite": false,
        "html": false,
        "json": true
      },
      "version": "6.2.0"
    }
  }
}