{
  "stats": {
    "suites": 1,
    "tests": 1,
    "passes": 1,
    "pending": 0,
    "failures": 0,
    "start": "2023-04-27T03:42:19.809Z",
    "end": "2023-04-27T03:42:35.483Z",
    "duration": 15674,
    "testsRegistered": 1,
    "passPercent": 100,
    "pendingPercent": 0,
    "other": 0,
    "hasOther": false,
    "skipped": 0,
    "hasSkipped": false
  },
  "results": [
    {
      "uuid": "b11ca34a-a6ff-49d2-a405-62167fbb63e4",
      "title": "",
      "fullFile": "cypress\\e2e\\test\\automationteste-store\\add-multiple-items-to-basket-POM.js",
      "file": "cypress\\e2e\\test\\automationteste-store\\add-multiple-items-to-basket-POM.js",
      "beforeHooks": [],
      "afterHooks": [],
      "tests": [],
      "suites": [
        {
          "uuid": "9ff0906c-7c6f-434f-a972-175b52b002af",
          "title": "add multiple items to basket",
          "fullFile": "",
          "file": "",
          "beforeHooks": [],
          "afterHooks": [],
          "tests": [
            {
              "title": "Add specific items to basket",
              "fullTitle": "add multiple items to basket Add specific items to basket",
              "timedOut": null,
              "duration": 10555,
              "state": "passed",
              "speed": "slow",
              "pass": true,
              "fail": false,
              "pending": false,
              "context": null,
              "code": "autoStore_HairCare_PO.addHairCareProductsToBasket();",
              "err": {},
              "uuid": "5a3fcf4e-5053-41ec-821f-9cf70870c734",
              "parentUUID": "9ff0906c-7c6f-434f-a972-175b52b002af",
              "isHook": false,
              "skipped": false
            }
          ],
          "suites": [],
          "passes": [
            "5a3fcf4e-5053-41ec-821f-9cf70870c734"
          ],
          "failures": [],
          "pending": [],
          "skipped": [],
          "duration": 10555,
          "root": false,
          "rootEmpty": false,
          "_timeout": 2000
        }
      ],
      "passes": [],
      "failures": [],
      "pending": [],
      "skipped": [],
      "duration": 0,
      "root": true,
      "rootEmpty": true,
      "_timeout": 2000
    }
  ],
  "meta": {
    "mocha": {
      "version": "7.0.1"
    },
    "mochawesome": {
      "options": {
        "quiet": false,
        "reportFilename": "mochawesome",
        "saveHtml": false,
        "saveJson": true,
        "consoleReporter": "spec",
        "useInlineDiffs": false,
        "code": true
      },
      "version": "7.1.3"
    },
    "marge": {
      "options": {
        "id": "default",
        "reportDir": "cypress/results/mochawesome",
        "quite": true,
        "overwrite": false,
        "html": false,
        "json": true
      },
      "version": "6.2.0"
    }
  }
}