{
  "stats": {
    "suites": 1,
    "tests": 2,
    "passes": 1,
    "pending": 0,
    "failures": 1,
    "start": "2023-04-27T03:36:40.485Z",
    "end": "2023-04-27T03:39:23.606Z",
    "duration": 163121,
    "testsRegistered": 2,
    "passPercent": 50,
    "pendingPercent": 0,
    "other": 0,
    "hasOther": false,
    "skipped": 0,
    "hasSkipped": false
  },
  "results": [
    {
      "uuid": "9adae98b-545f-4845-9044-3e866d0f8c6b",
      "title": "",
      "fullFile": "cypress\\e2e\\test\\webdriver-uni\\contact-us-info-jsonfile.js",
      "file": "cypress\\e2e\\test\\webdriver-uni\\contact-us-info-jsonfile.js",
      "beforeHooks": [],
      "afterHooks": [],
      "tests": [],
      "suites": [
        {
          "uuid": "17840b49-d520-4e4d-a017-65b7c29ff817",
          "title": "Test Contact Us from via WebDriverUni",
          "fullFile": "",
          "file": "",
          "beforeHooks": [],
          "afterHooks": [],
          "tests": [
            {
              "title": "Should be able to submit a successful submission via contact us form",
              "fullTitle": "Test Contact Us from via WebDriverUni Should be able to submit a successful submission via contact us form",
              "timedOut": null,
              "duration": 7694,
              "state": "passed",
              "speed": "medium",
              "pass": true,
              "fail": false,
              "pending": false,
              "context": null,
              "code": "//cy.visit(\"http://www.webdriveruniversity.com/Contact-Us/contactus.html\")\ncy.visit(\"http://www.webdriveruniversity.com\");\ncy.get('#contact-us').invoke('removeAttr', 'target').click({\n  force: true\n});\ncy.document().should('have.property', 'charset').and('eq', 'UTF-8');\ncy.title().should('include', 'WebDriver | Contact Us');\ncy.url().should('include', 'Contact');\n// cy.get('[name=\"first_name\"]').type(data.first_name);\n// cy.get('[name=\"last_name\"]').type(data.last_name);\n// cy.get('[name=\"email\"]').type(data.email);\n// cy.get('textarea.feedback-input').type(\"First test\");\n// cy.get('[type=\"submit\"]').click();\n// cy.get('h1').should('have.text', 'Thank You for your Message!');\ncy.webdriverUni_ContactForm_Submission(data.first_name, data.last_name, data.email, \"First test\", 'h1', 'Thank You for your Message!');",
              "err": {},
              "uuid": "b36c67ff-c477-46d0-90bd-af5a574558e0",
              "parentUUID": "17840b49-d520-4e4d-a017-65b7c29ff817",
              "isHook": false,
              "skipped": false
            },
            {
              "title": "Should be able to submit a successful submission via contact us form",
              "fullTitle": "Test Contact Us from via WebDriverUni Should be able to submit a successful submission via contact us form",
              "timedOut": null,
              "duration": 43587,
              "state": "failed",
              "speed": null,
              "pass": false,
              "fail": true,
              "pending": false,
              "context": null,
              "code": "//cy.visit(\"http://www.webdriveruniversity.com/Contact-Us/contactus.html\")\ncy.visit(\"http://www.webdriveruniversity.com\");\ncy.get('#contact-us').invoke('removeAttr', 'target').click({\n  force: true\n});\n// cy.get('[name=\"first_name\"]').type(data.first_name);\n// cy.get('[name=\"last_name\"]').type(data.last_name);\n// cy.get('textarea.feedback-input').type(\"First test\");\n// cy.get('[type=\"submit\"]').click();\n// cy.get('body').contains('Error: all fields are required')\ncy.webdriverUni_ContactForm_Submission(data.first_name, data.last_name, \" \", \"First test\", 'body', 'Error: Invalid email adress');",
              "err": {
                "message": "CypressError: `cy.screenshot()` timed out waiting `30000ms` to complete.",
                "estack": "CypressError: `cy.screenshot()` timed out waiting `30000ms` to complete.\n    at http://www.webdriveruniversity.com/__cypress/runner/cypress_runner.js:139854:81\n    at tryCatcher (http://www.webdriveruniversity.com/__cypress/runner/cypress_runner.js:8914:23)\n    at http://www.webdriveruniversity.com/__cypress/runner/cypress_runner.js:4036:41\n    at tryCatcher (http://www.webdriveruniversity.com/__cypress/runner/cypress_runner.js:8914:23)\n    at Promise._settlePromiseFromHandler (http://www.webdriveruniversity.com/__cypress/runner/cypress_runner.js:6849:31)\n    at Promise._settlePromise (http://www.webdriveruniversity.com/__cypress/runner/cypress_runner.js:6906:18)\n    at Promise._settlePromise0 (http://www.webdriveruniversity.com/__cypress/runner/cypress_runner.js:6951:10)\n    at Promise._settlePromises (http://www.webdriveruniversity.com/__cypress/runner/cypress_runner.js:7027:18)\n    at _drainQueueStep (http://www.webdriveruniversity.com/__cypress/runner/cypress_runner.js:3621:12)\n    at _drainQueue (http://www.webdriveruniversity.com/__cypress/runner/cypress_runner.js:3614:9)\n    at ../../node_modules/bluebird/js/release/async.js.Async._drainQueues (http://www.webdriveruniversity.com/__cypress/runner/cypress_runner.js:3630:5)\n    at Async.drainQueues (http://www.webdriveruniversity.com/__cypress/runner/cypress_runner.js:3500:14)",
                "diff": null
              },
              "uuid": "36667e2b-5b58-4ce1-a689-e65d8b2a9b86",
              "parentUUID": "17840b49-d520-4e4d-a017-65b7c29ff817",
              "isHook": false,
              "skipped": false
            }
          ],
          "suites": [],
          "passes": [
            "b36c67ff-c477-46d0-90bd-af5a574558e0"
          ],
          "failures": [
            "36667e2b-5b58-4ce1-a689-e65d8b2a9b86"
          ],
          "pending": [],
          "skipped": [],
          "duration": 51281,
          "root": false,
          "rootEmpty": false,
          "_timeout": 2000
        }
      ],
      "passes": [],
      "failures": [],
      "pending": [],
      "skipped": [],
      "duration": 0,
      "root": true,
      "rootEmpty": true,
      "_timeout": 2000
    }
  ],
  "meta": {
    "mocha": {
      "version": "7.0.1"
    },
    "mochawesome": {
      "options": {
        "quiet": false,
        "reportFilename": "mochawesome",
        "saveHtml": false,
        "saveJson": true,
        "consoleReporter": "spec",
        "useInlineDiffs": false,
        "code": true
      },
      "version": "7.1.3"
    },
    "marge": {
      "options": {
        "id": "default",
        "reportDir": "cypress/results/mochawesome",
        "quite": true,
        "overwrite": false,
        "html": false,
        "json": true
      },
      "version": "6.2.0"
    }
  }
}