{
  "stats": {
    "suites": 1,
    "tests": 2,
    "passes": 2,
    "pending": 0,
    "failures": 0,
    "start": "2023-04-27T03:42:04.194Z",
    "end": "2023-04-27T03:42:09.974Z",
    "duration": 5780,
    "testsRegistered": 2,
    "passPercent": 100,
    "pendingPercent": 0,
    "other": 0,
    "hasOther": false,
    "skipped": 0,
    "hasSkipped": false
  },
  "results": [
    {
      "uuid": "a01e28e6-0e77-42e2-8d6d-00bd7e882d8d",
      "title": "",
      "fullFile": "cypress\\e2e\\test\\webdriver-uni\\radio-button.js",
      "file": "cypress\\e2e\\test\\webdriver-uni\\radio-button.js",
      "beforeHooks": [],
      "afterHooks": [],
      "tests": [],
      "suites": [
        {
          "uuid": "8f8cef8d-410e-46ba-ac30-894f3516c78b",
          "title": "Verify radio buttons via webdriver uni",
          "fullFile": "",
          "file": "",
          "beforeHooks": [],
          "afterHooks": [],
          "tests": [
            {
              "title": "Check specific radio buttons",
              "fullTitle": "Verify radio buttons via webdriver uni Check specific radio buttons",
              "timedOut": null,
              "duration": 4508,
              "state": "passed",
              "speed": "fast",
              "pass": true,
              "fail": false,
              "pending": false,
              "context": null,
              "code": "cy.get('#radio-buttons').find(\"[type='radio']\").first().check();\ncy.get('#radio-buttons').find(\"[type='radio']\").eq(1).check();",
              "err": {},
              "uuid": "ca2a45bd-9305-4a79-a91b-4320bad86cb9",
              "parentUUID": "8f8cef8d-410e-46ba-ac30-894f3516c78b",
              "isHook": false,
              "skipped": false
            },
            {
              "title": "Validate the states of specific radio buttons ",
              "fullTitle": "Verify radio buttons via webdriver uni Validate the states of specific radio buttons ",
              "timedOut": null,
              "duration": 1204,
              "state": "passed",
              "speed": "fast",
              "pass": true,
              "fail": false,
              "pending": false,
              "context": null,
              "code": "cy.get(\"[value ='lettuce']\").should('not.be.checked');\ncy.get(\"[value ='pumpkin']\").should('be.checked');\ncy.get(\"[value ='lettuce']\").check();\ncy.get(\"[value ='lettuce']\").should('be.checked');\ncy.get(\"[value ='pumpkin']\").should('not.be.checked');\ncy.get(\"[value='cabbage']\").should('be.disabled');",
              "err": {},
              "uuid": "b38d07b0-bea7-4b3c-8100-60efdc27b9a3",
              "parentUUID": "8f8cef8d-410e-46ba-ac30-894f3516c78b",
              "isHook": false,
              "skipped": false
            }
          ],
          "suites": [],
          "passes": [
            "ca2a45bd-9305-4a79-a91b-4320bad86cb9",
            "b38d07b0-bea7-4b3c-8100-60efdc27b9a3"
          ],
          "failures": [],
          "pending": [],
          "skipped": [],
          "duration": 5712,
          "root": false,
          "rootEmpty": false,
          "_timeout": 2000
        }
      ],
      "passes": [],
      "failures": [],
      "pending": [],
      "skipped": [],
      "duration": 0,
      "root": true,
      "rootEmpty": true,
      "_timeout": 2000
    }
  ],
  "meta": {
    "mocha": {
      "version": "7.0.1"
    },
    "mochawesome": {
      "options": {
        "quiet": false,
        "reportFilename": "mochawesome",
        "saveHtml": false,
        "saveJson": true,
        "consoleReporter": "spec",
        "useInlineDiffs": false,
        "code": true
      },
      "version": "7.1.3"
    },
    "marge": {
      "options": {
        "id": "default",
        "reportDir": "cypress/results/mochawesome",
        "quite": true,
        "overwrite": false,
        "html": false,
        "json": true
      },
      "version": "6.2.0"
    }
  }
}